<?xml version="1.0" encoding="UTF-8"?>
<!-- Generated by org.testng.reporters.JUnitReportReporter -->
<testsuite skipped="0" hostname="DELL-2D26CVB" name="com.crmPRACTICE.SampleJDBCExecuteQuery" tests="1" failures="0" timestamp="16 Feb 2022 10:42:50 GMT" time="1.054" errors="0">
  <testcase name="sampleJDBCExecutequery" time="1.054" classname="com.crmPRACTICE.SampleJDBCExecuteQuery"/>
</testsuite> <!-- com.crmPRACTICE.SampleJDBCExecuteQuery -->
