<?xml version="1.0" encoding="UTF-8"?>
<!-- Generated by org.testng.reporters.JUnitReportReporter -->
<testsuite skipped="0" hostname="DELL-2D26CVB" name="com.crmPRACTICE.SelectDateFromGoIbiboTest" tests="1" failures="0" timestamp="09 Mar 2022 15:53:14 GMT" time="51.481" errors="0">
  <testcase name="selectDateFromGoIbiboTest" time="51.481" classname="com.crmPRACTICE.SelectDateFromGoIbiboTest"/>
</testsuite> <!-- com.crmPRACTICE.SelectDateFromGoIbiboTest -->
