<?xml version="1.0" encoding="UTF-8"?>
<!-- Generated by org.testng.reporters.JUnitReportReporter -->
<testsuite skipped="0" hostname="DELL-2D26CVB" name="com.crm.OrganizationTests.CreateOrgWithIndustryTypePOMTest" tests="1" failures="0" timestamp="24 Feb 2022 07:34:06 GMT" time="276.342" errors="0">
  <testcase name="createOrgWithIndTypeNewTest" time="276.342" classname="com.crm.OrganizationTests.CreateOrgWithIndustryTypePOMTest"/>
</testsuite> <!-- com.crm.OrganizationTests.CreateOrgWithIndustryTypePOMTest -->
