<?xml version="1.0" encoding="UTF-8"?>
<!-- Generated by org.testng.reporters.JUnitReportReporter -->
<testsuite skipped="0" hostname="DELL-2D26CVB" name="com.crm.OrganizationTests.CreateOrganizationTest" tests="1" failures="0" timestamp="16 Feb 2022 12:41:39 GMT" time="123.815" errors="0">
  <testcase name="createorganizationTest" time="123.815" classname="com.crm.OrganizationTests.CreateOrganizationTest"/>
</testsuite> <!-- com.crm.OrganizationTests.CreateOrganizationTest -->
