<?xml version="1.0" encoding="UTF-8"?>
<!-- Generated by org.testng.reporters.JUnitReportReporter -->
<testsuite skipped="0" hostname="DELL-2D26CVB" name="com.crm.CampaignTest.CreateCampaignPOMTest" tests="1" failures="0" timestamp="01 Mar 2022 18:07:52 GMT" time="128.539" errors="0">
  <testcase name="createCampaignPOMTest" time="128.539" classname="com.crm.CampaignTest.CreateCampaignPOMTest"/>
</testsuite> <!-- com.crm.CampaignTest.CreateCampaignPOMTest -->
