<?xml version="1.0" encoding="UTF-8"?>
<!-- Generated by org.testng.reporters.JUnitReportReporter -->
<testsuite skipped="0" hostname="DELL-2D26CVB" name="com.crm.OrganizationTests.CreateOrgWithIndAndTypeTest" tests="1" failures="0" timestamp="24 Feb 2022 10:24:21 GMT" time="98.168" errors="0">
  <testcase name="createOrgWithIndTypeNewTest" time="98.168" classname="com.crm.OrganizationTests.CreateOrgWithIndAndTypeTest"/>
</testsuite> <!-- com.crm.OrganizationTests.CreateOrgWithIndAndTypeTest -->
