<?xml version="1.0" encoding="UTF-8"?>
<!-- Generated by org.testng.reporters.JUnitReportReporter -->
<testsuite skipped="0" hostname="DELL-2D26CVB" name="com.crm.ContactTests.CreateContactOrgPOMTest" tests="1" failures="0" timestamp="24 Feb 2022 09:46:05 GMT" time="123.871" errors="0">
  <testcase name="createOrgWithIndTypeNewTest" time="123.871" classname="com.crm.ContactTests.CreateContactOrgPOMTest"/>
</testsuite> <!-- com.crm.ContactTests.CreateContactOrgPOMTest -->
