<?xml version="1.0" encoding="UTF-8"?>
<!-- Generated by org.testng.reporters.JUnitReportReporter -->
<testsuite skipped="0" hostname="DELL-2D26CVB" name="com.crmPRACTICE.HandlingCalenderTest" tests="1" failures="0" timestamp="09 Mar 2022 10:08:25 GMT" time="218.551" errors="0">
  <testcase name="handlingCalenderTest" time="218.551" classname="com.crmPRACTICE.HandlingCalenderTest"/>
</testsuite> <!-- com.crmPRACTICE.HandlingCalenderTest -->
