<?xml version="1.0" encoding="UTF-8"?>
<!-- Generated by org.testng.reporters.JUnitReportReporter -->
<testsuite skipped="0" hostname="DELL-2D26CVB" name="com.crm.ProductTests.CreateProductByProductNameTest" tests="1" failures="0" timestamp="02 Mar 2022 14:15:18 GMT" time="161.182" errors="0">
  <testcase name="createProductByProductNameTest" time="161.182" classname="com.crm.ProductTests.CreateProductByProductNameTest"/>
</testsuite> <!-- com.crm.ProductTests.CreateProductByProductNameTest -->
