<?xml version="1.0" encoding="UTF-8"?>
<!-- Generated by org.testng.reporters.JUnitReportReporter -->
<testsuite skipped="0" hostname="DELL-2D26CVB" name="com.crmPRACTICE.ReadDataFromExcelSheetTest" tests="1" failures="0" timestamp="19 Feb 2022 07:58:42 GMT" time="2.162" errors="0">
  <testcase name="readDataFromExcel" time="2.162" classname="com.crmPRACTICE.ReadDataFromExcelSheetTest"/>
</testsuite> <!-- com.crmPRACTICE.ReadDataFromExcelSheetTest -->
