<?xml version="1.0" encoding="UTF-8"?>
<!-- Generated by org.testng.reporters.JUnitReportReporter -->
<testsuite skipped="0" hostname="DELL-2D26CVB" name="com.crmPRACTICE.WriteDataIntoExcelSheetTest" tests="1" failures="0" timestamp="19 Feb 2022 07:58:07 GMT" time="2.474" errors="0">
  <testcase name="writeDataIntoExcelSheetTest" time="2.474" classname="com.crmPRACTICE.WriteDataIntoExcelSheetTest"/>
</testsuite> <!-- com.crmPRACTICE.WriteDataIntoExcelSheetTest -->
