<?xml version="1.0" encoding="UTF-8"?>
<!-- Generated by org.testng.reporters.JUnitReportReporter -->
<testsuite skipped="0" hostname="DELL-2D26CVB" name="com.crmPRACTICENew.CreateOrgNewTest" tests="1" failures="0" timestamp="23 Feb 2022 18:37:22 GMT" time="99.772" errors="0">
  <testcase name="createOrgTest" time="99.772" classname="com.crmPRACTICENew.CreateOrgNewTest"/>
</testsuite> <!-- com.crmPRACTICENew.CreateOrgNewTest -->
