<?xml version="1.0" encoding="UTF-8"?>
<!-- Generated by org.testng.reporters.JUnitReportReporter -->
<testsuite skipped="0" hostname="DELL-2D26CVB" name="com.crmPRACTICE.SampleJDBCExecuteUpdate" tests="1" failures="0" timestamp="16 Feb 2022 10:57:18 GMT" time="1.221" errors="0">
  <testcase name="sampleJDBCExecuteUpdate" time="1.221" classname="com.crmPRACTICE.SampleJDBCExecuteUpdate"/>
</testsuite> <!-- com.crmPRACTICE.SampleJDBCExecuteUpdate -->
