<?xml version="1.0" encoding="UTF-8"?>
<!-- Generated by org.testng.reporters.JUnitReportReporter -->
<testsuite skipped="0" hostname="DELL-2D26CVB" name="com.crmPRACTICE.ReadDataFromSuiteXMLfileTest" tests="1" failures="0" timestamp="11 Mar 2022 05:49:48 GMT" time="0.040" errors="0">
  <testcase name="readDataFromXML" time="0.040" classname="com.crmPRACTICE.ReadDataFromSuiteXMLfileTest"/>
</testsuite> <!-- com.crmPRACTICE.ReadDataFromSuiteXMLfileTest -->
