<?xml version="1.0" encoding="UTF-8"?>
<!-- Generated by org.testng.reporters.JUnitReportReporter -->
<testsuite skipped="0" hostname="DELL-2D26CVB" name="com.crmPRACTICE.ReadDataFromCmdLineTest" tests="1" failures="0" timestamp="11 Mar 2022 05:49:00 GMT" time="0.042" errors="0">
  <testcase name="readDataFromCmdLine" time="0.042" classname="com.crmPRACTICE.ReadDataFromCmdLineTest"/>
</testsuite> <!-- com.crmPRACTICE.ReadDataFromCmdLineTest -->
