<?xml version="1.0" encoding="UTF-8"?>
<!-- Generated by org.testng.reporters.JUnitReportReporter -->
<testsuite skipped="0" hostname="DELL-2D26CVB" name="com.crmPRACTICENew.CreateOrgTestPOM" tests="1" failures="0" timestamp="23 Feb 2022 18:10:12 GMT" time="108.391" errors="0">
  <testcase name="createOrgTestPOM" time="108.391" classname="com.crmPRACTICENew.CreateOrgTestPOM"/>
</testsuite> <!-- com.crmPRACTICENew.CreateOrgTestPOM -->
