<?xml version="1.0" encoding="UTF-8"?>
<!-- Generated by org.testng.reporters.JUnitReportReporter -->
<testsuite skipped="0" hostname="DELL-2D26CVB" name="com.crm.CampaignTest.CreateCampaignWithProductPOMTest" tests="1" failures="0" timestamp="02 Mar 2022 14:47:38 GMT" time="133.553" errors="0">
  <testcase name="createCampaignWithProduct" time="133.553" classname="com.crm.CampaignTest.CreateCampaignWithProductPOMTest"/>
</testsuite> <!-- com.crm.CampaignTest.CreateCampaignWithProductPOMTest -->
