<?xml version="1.0" encoding="UTF-8"?>
<!-- Generated by org.testng.reporters.JUnitReportReporter -->
<testsuite skipped="0" hostname="DELL-2D26CVB" name="com.crmPRACTICE.DataVerificationINDB" tests="1" failures="0" timestamp="16 Feb 2022 07:55:13 GMT" time="1.310" errors="0">
  <testcase name="sampleJDBCExecutequery" time="1.310" classname="com.crmPRACTICE.DataVerificationINDB"/>
</testsuite> <!-- com.crmPRACTICE.DataVerificationINDB -->
