<?xml version="1.0" encoding="UTF-8"?>
<!-- Generated by org.testng.reporters.JUnitReportReporter -->
<testsuite skipped="0" hostname="DELL-2D26CVB" name="com.crmPRACTICE.PracticeForGenericUtils" tests="1" failures="0" timestamp="23 Feb 2022 10:43:15 GMT" time="5.886" errors="0">
  <testcase name="practice" time="5.886" classname="com.crmPRACTICE.PracticeForGenericUtils"/>
</testsuite> <!-- com.crmPRACTICE.PracticeForGenericUtils -->
