<?xml version="1.0" encoding="UTF-8"?>
<!-- Generated by org.testng.reporters.JUnitReportReporter -->
<testsuite skipped="0" hostname="DELL-2D26CVB" name="com.crm.ContactTests.CreateContactPOMTest" tests="2" failures="0" timestamp="02 Mar 2022 09:34:39 GMT" time="204.641" errors="0">
  <testcase name="testScript1" time="0.003" classname="com.crm.ContactTests.CreateContactPOMTest"/>
  <testcase name="createContactPOMTest" time="204.638" classname="com.crm.ContactTests.CreateContactPOMTest"/>
</testsuite> <!-- com.crm.ContactTests.CreateContactPOMTest -->
