<?xml version="1.0" encoding="UTF-8"?>
<!-- Generated by org.testng.reporters.JUnitReportReporter -->
<testsuite skipped="0" hostname="DELL-2D26CVB" name="com.crmPRACTICE.PropertyFilePractice" tests="1" failures="0" timestamp="16 Feb 2022 16:42:35 GMT" time="0.032" errors="0">
  <testcase name="propertyFile" time="0.032" classname="com.crmPRACTICE.PropertyFilePractice"/>
</testsuite> <!-- com.crmPRACTICE.PropertyFilePractice -->
