<?xml version="1.0" encoding="UTF-8"?>
<!-- Generated by org.testng.reporters.JUnitReportReporter -->
<testsuite skipped="0" hostname="DELL-2D26CVB" name="com.crm.OrganizationTests.CreateOrgWithIndustryTypeTestNGTest" tests="1" failures="0" timestamp="02 Mar 2022 07:12:52 GMT" time="60.744" errors="0">
  <testcase name="createOrgWithIndTypeTestNGTest" time="60.744" classname="com.crm.OrganizationTests.CreateOrgWithIndustryTypeTestNGTest"/>
</testsuite> <!-- com.crm.OrganizationTests.CreateOrgWithIndustryTypeTestNGTest -->
